2026.05.28 07:20:40 INFO  Started: Metals version 1.6.7 in folders 'C:\Users\JHONATAN\OneDrive\Escritorio\DESARROLLO WEB\CODIGO\v1.1.3\venta-camaras-seguridad' for client Visual Studio Code 1.121.0.
2026.05.28 07:20:40 INFO  Memory monitor started
2026.05.28 07:20:44 WARN  Using H2 2.4.240 which is newer than the version Flyway has been verified with. The latest verified version of H2 is 2.3.232.
2026.05.28 07:20:44 INFO  no build target found for C:\Users\JHONATAN\OneDrive\Escritorio\DESARROLLO WEB\CODIGO\v1.1.3\venta-camaras-seguridad\src\main\java\com\ventacamaras\camaras\controller\ResenaController.java. Using fallback presentation compiler.
2026.05.28 07:20:45 WARN  no build target for: C:\Users\JHONATAN\OneDrive\Escritorio\DESARROLLO WEB\CODIGO\v1.1.3\venta-camaras-seguridad\src\main\java\com\ventacamaras\camaras\controller\ResenaController.java
may. 28, 2026 7:20:45 A. M. org.eclipse.lsp4j.jsonrpc.RemoteEndpoint handleCancellation
WARNING: Unmatched cancel notification for request id 2
2026.05.28 07:20:44 INFO  no build target found for C:\Users\JHONATAN\OneDrive\Escritorio\DESARROLLO WEB\CODIGO\v1.1.3\venta-camaras-seguridad\src\main\java\com\ventacamaras\camaras\controller\ResenaController.java. Using fallback presentation compiler.
may. 28, 2026 7:20:46 A. M. org.eclipse.lsp4j.jsonrpc.RemoteEndpoint handleCancellation
WARNING: Unmatched cancel notification for request id 6
2026.05.28 07:20:46 INFO  no build target found for C:\Users\JHONATAN\OneDrive\Escritorio\DESARROLLO WEB\CODIGO\v1.1.3\venta-camaras-seguridad\src\main\java\com\ventacamaras\camaras\controller\ResenaController.java. Using fallback presentation compiler.
2026.05.28 07:20:46 INFO  no build target found for C:\Users\JHONATAN\OneDrive\Escritorio\DESARROLLO WEB\CODIGO\v1.1.3\venta-camaras-seguridad\src\main\java\com\ventacamaras\camaras\controller\ResenaController.java. Using fallback presentation compiler.
2026.05.28 07:20:47 WARN  Running javac-semanticdb failed for file:///C:/Users/JHONATAN/OneDrive/Escritorio/DESARROLLO%20WEB/CODIGO/v1.1.3/venta-camaras-seguridad/src/main/java/com/ventacamaras/camaras/controller/ResenaController.java. Output:

2026.05.28 07:20:47 INFO  no build target found for C:\Users\JHONATAN\OneDrive\Escritorio\DESARROLLO WEB\CODIGO\v1.1.3\venta-camaras-seguridad\src\main\java\com\ventacamaras\camaras\controller\ResenaController.java. Using fallback presentation compiler.
2026.05.28 07:20:48 INFO  no build target found for C:\Users\JHONATAN\OneDrive\Escritorio\DESARROLLO WEB\CODIGO\v1.1.3\venta-camaras-seguridad\src\main\java\com\ventacamaras\camaras\controller\ResenaController.java. Using fallback presentation compiler.
2026.05.28 07:21:03 INFO  no build target found for C:\Users\JHONATAN\OneDrive\Escritorio\DESARROLLO WEB\CODIGO\v1.1.3\venta-camaras-seguridad\src\main\java\com\ventacamaras\camaras\model\Resena.java. Using fallback presentation compiler.
2026.05.28 07:21:03 INFO  no build target found for C:\Users\JHONATAN\OneDrive\Escritorio\DESARROLLO WEB\CODIGO\v1.1.3\venta-camaras-seguridad\src\main\java\com\ventacamaras\camaras\model\Resena.java. Using fallback presentation compiler.
may. 28, 2026 7:21:03 A. M. org.eclipse.lsp4j.jsonrpc.RemoteEndpoint handleCancellation
WARNING: Unmatched cancel notification for request id 13
2026.05.28 07:21:03 INFO  no build target found for C:\Users\JHONATAN\OneDrive\Escritorio\DESARROLLO WEB\CODIGO\v1.1.3\venta-camaras-seguridad\src\main\java\com\ventacamaras\camaras\model\Resena.java. Using fallback presentation compiler.
2026.05.28 07:21:05 INFO  no build target found for C:\Users\JHONATAN\OneDrive\Escritorio\DESARROLLO WEB\CODIGO\v1.1.3\venta-camaras-seguridad\src\main\java\com\ventacamaras\camaras\model\Resena.java. Using fallback presentation compiler.
2026.05.28 07:21:05 INFO  no build target found for C:\Users\JHONATAN\OneDrive\Escritorio\DESARROLLO WEB\CODIGO\v1.1.3\venta-camaras-seguridad\src\main\java\com\ventacamaras\camaras\model\Resena.java. Using fallback presentation compiler.
2026.05.28 07:21:13 INFO  no build target found for C:\Users\JHONATAN\OneDrive\Escritorio\DESARROLLO WEB\CODIGO\v1.1.3\venta-camaras-seguridad\src\main\java\com\ventacamaras\camaras\model\Resena.java. Using fallback presentation compiler.
2026.05.28 07:21:13 INFO  no build target found for C:\Users\JHONATAN\OneDrive\Escritorio\DESARROLLO WEB\CODIGO\v1.1.3\venta-camaras-seguridad\src\main\java\com\ventacamaras\camaras\model\Resena.java. Using fallback presentation compiler.
2026.05.28 07:21:13 INFO  no build target found for C:\Users\JHONATAN\OneDrive\Escritorio\DESARROLLO WEB\CODIGO\v1.1.3\venta-camaras-seguridad\src\main\java\com\ventacamaras\camaras\model\Resena.java. Using fallback presentation compiler.
2026.05.28 07:21:13 INFO  no build target found for C:\Users\JHONATAN\OneDrive\Escritorio\DESARROLLO WEB\CODIGO\v1.1.3\venta-camaras-seguridad\src\main\java\com\ventacamaras\camaras\model\Resena.java. Using fallback presentation compiler.
2026.05.28 07:21:13 INFO  no build target found for C:\Users\JHONATAN\OneDrive\Escritorio\DESARROLLO WEB\CODIGO\v1.1.3\venta-camaras-seguridad\src\main\java\com\ventacamaras\camaras\model\Resena.java. Using fallback presentation compiler.
2026.05.28 07:21:13 INFO  no build target found for C:\Users\JHONATAN\OneDrive\Escritorio\DESARROLLO WEB\CODIGO\v1.1.3\venta-camaras-seguridad\src\main\java\com\ventacamaras\camaras\model\Resena.java. Using fallback presentation compiler.
2026.05.28 07:21:14 WARN  no build target for: C:\Users\JHONATAN\OneDrive\Escritorio\DESARROLLO WEB\CODIGO\v1.1.3\venta-camaras-seguridad\src\main\java\com\ventacamaras\camaras\model\Resena.java
2026.05.28 07:21:14 INFO  no build target found for C:\Users\JHONATAN\OneDrive\Escritorio\DESARROLLO WEB\CODIGO\v1.1.3\venta-camaras-seguridad\src\main\java\com\ventacamaras\camaras\model\Resena.java. Using fallback presentation compiler.
2026.05.28 07:21:14 WARN  Running javac-semanticdb failed for file:///C:/Users/JHONATAN/OneDrive/Escritorio/DESARROLLO%20WEB/CODIGO/v1.1.3/venta-camaras-seguridad/src/main/java/com/ventacamaras/camaras/model/Resena.java. Output:

2026.05.28 07:21:15 WARN  no build target for: C:\Users\JHONATAN\OneDrive\Escritorio\DESARROLLO WEB\CODIGO\v1.1.3\venta-camaras-seguridad\src\main\java\com\ventacamaras\camaras\model\Resena.java
2026.05.28 07:21:15 INFO  no build target found for C:\Users\JHONATAN\OneDrive\Escritorio\DESARROLLO WEB\CODIGO\v1.1.3\venta-camaras-seguridad\src\main\java\com\ventacamaras\camaras\model\Resena.java. Using fallback presentation compiler.
2026.05.28 07:21:15 INFO  no build target found for C:\Users\JHONATAN\OneDrive\Escritorio\DESARROLLO WEB\CODIGO\v1.1.3\venta-camaras-seguridad\src\main\java\com\ventacamaras\camaras\model\Resena.java. Using fallback presentation compiler.
2026.05.28 07:21:15 INFO  Created report: Optional[file:///C:/Users/JHONATAN/OneDrive/Escritorio/DESARROLLO%20WEB/CODIGO/v1.1.3/venta-camaras-seguridad/src/main/java/com/ventacamaras/camaras/model/Resena.java]
2026.05.28 07:21:15 INFO  empty definition using pc, found symbol in pc: _empty_/JoinColumn# (full report at: "C:\Users\JHONATAN\OneDrive\Escritorio\DESARROLLO WEB\CODIGO\v1.1.3\venta-camaras-seguridad\.metals\.reports\metals-full\2026-05-28\r_empty-definition_07-21-16-045.md")
2026.05.28 07:21:16 INFO  Created report: Optional[file:///C:/Users/JHONATAN/OneDrive/Escritorio/DESARROLLO%20WEB/CODIGO/v1.1.3/venta-camaras-seguridad/src/main/java/com/ventacamaras/camaras/model/Resena.java]
2026.05.28 07:21:16 INFO  QDox parse error in file:///C:/Users/JHONATAN/OneDrive/Escritorio/DESARROLLO%20WEB/CODIGO/v1.1.3/venta-camaras-seguridad/src/main/java/com/ventacamaras/camaras/model/Resena.java (full report at: "C:\Users\JHONATAN\OneDrive\Escritorio\DESARROLLO WEB\CODIGO\v1.1.3\venta-camaras-seguridad\.metals\.reports\metals-full\2026-05-28\r_qdox-error_07-21-16-144.md")
2026.05.28 07:21:16 INFO  no build target found for C:\Users\JHONATAN\OneDrive\Escritorio\DESARROLLO WEB\CODIGO\v1.1.3\venta-camaras-seguridad\src\main\java\com\ventacamaras\camaras\model\Resena.java. Using fallback presentation compiler.
2026.05.28 07:21:16 INFO  no build target found for C:\Users\JHONATAN\OneDrive\Escritorio\DESARROLLO WEB\CODIGO\v1.1.3\venta-camaras-seguridad\src\main\java\com\ventacamaras\camaras\model\Resena.java. Using fallback presentation compiler.
2026.05.28 07:21:16 WARN  no build target for: C:\Users\JHONATAN\OneDrive\Escritorio\DESARROLLO WEB\CODIGO\v1.1.3\venta-camaras-seguridad\src\main\java\com\ventacamaras\camaras\model\Resena.java
2026.05.28 07:21:16 INFO  empty definition using pc, found symbol in pc: _empty_/JoinColumn# (full report at: "C:\Users\JHONATAN\OneDrive\Escritorio\DESARROLLO WEB\CODIGO\v1.1.3\venta-camaras-seguridad\.metals\.reports\metals-full\2026-05-28\r_empty-definition_07-21-16-045.md")
2026.05.28 07:21:16 INFO  no build target found for C:\Users\JHONATAN\OneDrive\Escritorio\DESARROLLO WEB\CODIGO\v1.1.3\venta-camaras-seguridad\src\main\java\com\ventacamaras\camaras\model\Resena.java. Using fallback presentation compiler.
2026.05.28 07:21:16 INFO  Created report: Optional[file:///C:/Users/JHONATAN/OneDrive/Escritorio/DESARROLLO%20WEB/CODIGO/v1.1.3/venta-camaras-seguridad/src/main/java/com/ventacamaras/camaras/model/Resena.java]
2026.05.28 07:21:16 INFO  empty definition using pc, found symbol in pc: _empty_/JoinColumn#nullable# (full report at: "C:\Users\JHONATAN\OneDrive\Escritorio\DESARROLLO WEB\CODIGO\v1.1.3\venta-camaras-seguridad\.metals\.reports\metals-full\2026-05-28\r_empty-definition_07-21-16-358.md")
2026.05.28 07:21:33 INFO  no build target found for C:\Users\JHONATAN\OneDrive\Escritorio\DESARROLLO WEB\CODIGO\v1.1.3\venta-camaras-seguridad\src\main\java\com\ventacamaras\camaras\dto\ResenaDTO.java. Using fallback presentation compiler.
2026.05.28 07:21:33 INFO  no build target found for C:\Users\JHONATAN\OneDrive\Escritorio\DESARROLLO WEB\CODIGO\v1.1.3\venta-camaras-seguridad\src\main\java\com\ventacamaras\camaras\dto\ResenaDTO.java. Using fallback presentation compiler.
2026.05.28 07:21:33 INFO  no build target found for C:\Users\JHONATAN\OneDrive\Escritorio\DESARROLLO WEB\CODIGO\v1.1.3\venta-camaras-seguridad\src\main\java\com\ventacamaras\camaras\dto\ResenaDTO.java. Using fallback presentation compiler.
2026.05.28 07:21:33 INFO  no build target found for C:\Users\JHONATAN\OneDrive\Escritorio\DESARROLLO WEB\CODIGO\v1.1.3\venta-camaras-seguridad\src\main\java\com\ventacamaras\camaras\dto\ResenaDTO.java. Using fallback presentation compiler.
2026.05.28 07:21:34 INFO  no build target found for C:\Users\JHONATAN\OneDrive\Escritorio\DESARROLLO WEB\CODIGO\v1.1.3\venta-camaras-seguridad\src\main\java\com\ventacamaras\camaras\dto\ResenaDTO.java. Using fallback presentation compiler.
2026.05.28 07:21:34 INFO  no build target found for C:\Users\JHONATAN\OneDrive\Escritorio\DESARROLLO WEB\CODIGO\v1.1.3\venta-camaras-seguridad\src\main\java\com\ventacamaras\camaras\dto\ResenaDTO.java. Using fallback presentation compiler.
2026.05.28 07:21:34 INFO  no build target found for C:\Users\JHONATAN\OneDrive\Escritorio\DESARROLLO WEB\CODIGO\v1.1.3\venta-camaras-seguridad\src\main\java\com\ventacamaras\camaras\dto\ResenaDTO.java. Using fallback presentation compiler.
2026.05.28 07:21:34 INFO  no build target found for C:\Users\JHONATAN\OneDrive\Escritorio\DESARROLLO WEB\CODIGO\v1.1.3\venta-camaras-seguridad\src\main\java\com\ventacamaras\camaras\dto\ResenaDTO.java. Using fallback presentation compiler.
2026.05.28 07:21:34 INFO  no build target found for C:\Users\JHONATAN\OneDrive\Escritorio\DESARROLLO WEB\CODIGO\v1.1.3\venta-camaras-seguridad\src\main\java\com\ventacamaras\camaras\dto\ResenaDTO.java. Using fallback presentation compiler.
2026.05.28 07:21:35 INFO  no build target found for C:\Users\JHONATAN\OneDrive\Escritorio\DESARROLLO WEB\CODIGO\v1.1.3\venta-camaras-seguridad\src\main\java\com\ventacamaras\camaras\dto\ResenaDTO.java. Using fallback presentation compiler.
2026.05.28 07:21:35 WARN  no build target for: C:\Users\JHONATAN\OneDrive\Escritorio\DESARROLLO WEB\CODIGO\v1.1.3\venta-camaras-seguridad\src\main\java\com\ventacamaras\camaras\dto\ResenaDTO.java
2026.05.28 07:21:35 INFO  no build target found for C:\Users\JHONATAN\OneDrive\Escritorio\DESARROLLO WEB\CODIGO\v1.1.3\venta-camaras-seguridad\src\main\java\com\ventacamaras\camaras\dto\ResenaDTO.java. Using fallback presentation compiler.
2026.05.28 07:21:35 WARN  Running javac-semanticdb failed for file:///C:/Users/JHONATAN/OneDrive/Escritorio/DESARROLLO%20WEB/CODIGO/v1.1.3/venta-camaras-seguridad/src/main/java/com/ventacamaras/camaras/dto/ResenaDTO.java. Output:

2026.05.28 07:21:35 WARN  no build target for: C:\Users\JHONATAN\OneDrive\Escritorio\DESARROLLO WEB\CODIGO\v1.1.3\venta-camaras-seguridad\src\main\java\com\ventacamaras\camaras\dto\ResenaDTO.java
2026.05.28 07:21:36 INFO  no build target found for C:\Users\JHONATAN\OneDrive\Escritorio\DESARROLLO WEB\CODIGO\v1.1.3\venta-camaras-seguridad\src\main\java\com\ventacamaras\camaras\dto\ResenaDTO.java. Using fallback presentation compiler.
2026.05.28 07:21:57 INFO  no build target found for C:\Users\JHONATAN\OneDrive\Escritorio\DESARROLLO WEB\CODIGO\v1.1.3\venta-camaras-seguridad\src\main\java\com\ventacamaras\camaras\repository\ResenaRepository.java. Using fallback presentation compiler.
2026.05.28 07:21:57 INFO  no build target found for C:\Users\JHONATAN\OneDrive\Escritorio\DESARROLLO WEB\CODIGO\v1.1.3\venta-camaras-seguridad\src\main\java\com\ventacamaras\camaras\repository\ResenaRepository.java. Using fallback presentation compiler.
2026.05.28 07:21:57 INFO  no build target found for C:\Users\JHONATAN\OneDrive\Escritorio\DESARROLLO WEB\CODIGO\v1.1.3\venta-camaras-seguridad\src\main\java\com\ventacamaras\camaras\repository\ResenaRepository.java. Using fallback presentation compiler.
2026.05.28 07:21:57 INFO  no build target found for C:\Users\JHONATAN\OneDrive\Escritorio\DESARROLLO WEB\CODIGO\v1.1.3\venta-camaras-seguridad\src\main\java\com\ventacamaras\camaras\repository\ResenaRepository.java. Using fallback presentation compiler.
2026.05.28 07:22:02 INFO  no build target found for C:\Users\JHONATAN\OneDrive\Escritorio\DESARROLLO WEB\CODIGO\v1.1.3\venta-camaras-seguridad\src\main\java\com\ventacamaras\camaras\repository\ResenaRepository.java. Using fallback presentation compiler.
2026.05.28 07:22:02 INFO  no build target found for C:\Users\JHONATAN\OneDrive\Escritorio\DESARROLLO WEB\CODIGO\v1.1.3\venta-camaras-seguridad\src\main\java\com\ventacamaras\camaras\repository\ResenaRepository.java. Using fallback presentation compiler.
2026.05.28 07:22:02 INFO  no build target found for C:\Users\JHONATAN\OneDrive\Escritorio\DESARROLLO WEB\CODIGO\v1.1.3\venta-camaras-seguridad\src\main\java\com\ventacamaras\camaras\repository\ResenaRepository.java. Using fallback presentation compiler.
2026.05.28 07:22:02 INFO  no build target found for C:\Users\JHONATAN\OneDrive\Escritorio\DESARROLLO WEB\CODIGO\v1.1.3\venta-camaras-seguridad\src\main\java\com\ventacamaras\camaras\repository\ResenaRepository.java. Using fallback presentation compiler.
2026.05.28 07:22:02 INFO  no build target found for C:\Users\JHONATAN\OneDrive\Escritorio\DESARROLLO WEB\CODIGO\v1.1.3\venta-camaras-seguridad\src\main\java\com\ventacamaras\camaras\repository\ResenaRepository.java. Using fallback presentation compiler.
2026.05.28 07:22:02 INFO  no build target found for C:\Users\JHONATAN\OneDrive\Escritorio\DESARROLLO WEB\CODIGO\v1.1.3\venta-camaras-seguridad\src\main\java\com\ventacamaras\camaras\repository\ResenaRepository.java. Using fallback presentation compiler.
2026.05.28 07:22:02 WARN  Running javac-semanticdb failed for file:///C:/Users/JHONATAN/OneDrive/Escritorio/DESARROLLO%20WEB/CODIGO/v1.1.3/venta-camaras-seguridad/src/main/java/com/ventacamaras/camaras/repository/ResenaRepository.java. Output:

2026.05.28 07:22:03 INFO  no build target found for C:\Users\JHONATAN\OneDrive\Escritorio\DESARROLLO WEB\CODIGO\v1.1.3\venta-camaras-seguridad\src\main\java\com\ventacamaras\camaras\repository\ResenaRepository.java. Using fallback presentation compiler.
2026.05.28 07:22:02 INFO  no build target found for C:\Users\JHONATAN\OneDrive\Escritorio\DESARROLLO WEB\CODIGO\v1.1.3\venta-camaras-seguridad\src\main\java\com\ventacamaras\camaras\repository\ResenaRepository.java. Using fallback presentation compiler.
2026.05.28 07:22:03 INFO  no build target found for C:\Users\JHONATAN\OneDrive\Escritorio\DESARROLLO WEB\CODIGO\v1.1.3\venta-camaras-seguridad\src\main\java\com\ventacamaras\camaras\repository\ResenaRepository.java. Using fallback presentation compiler.
may. 28, 2026 7:22:03 A. M. org.eclipse.lsp4j.jsonrpc.RemoteEndpoint handleCancellation
WARNING: Unmatched cancel notification for request id 85
2026.05.28 07:22:03 INFO  no build target found for C:\Users\JHONATAN\OneDrive\Escritorio\DESARROLLO WEB\CODIGO\v1.1.3\venta-camaras-seguridad\src\main\java\com\ventacamaras\camaras\repository\ResenaRepository.java. Using fallback presentation compiler.
2026.05.28 07:22:03 WARN  no build target for: C:\Users\JHONATAN\OneDrive\Escritorio\DESARROLLO WEB\CODIGO\v1.1.3\venta-camaras-seguridad\src\main\java\com\ventacamaras\camaras\repository\ResenaRepository.java
2026.05.28 07:22:03 INFO  no build target found for C:\Users\JHONATAN\OneDrive\Escritorio\DESARROLLO WEB\CODIGO\v1.1.3\venta-camaras-seguridad\src\main\java\com\ventacamaras\camaras\repository\ResenaRepository.java. Using fallback presentation compiler.
2026.05.28 07:22:03 INFO  no build target found for C:\Users\JHONATAN\OneDrive\Escritorio\DESARROLLO WEB\CODIGO\v1.1.3\venta-camaras-seguridad\src\main\java\com\ventacamaras\camaras\repository\ResenaRepository.java. Using fallback presentation compiler.
2026.05.28 07:22:03 INFO  no build target found for C:\Users\JHONATAN\OneDrive\Escritorio\DESARROLLO WEB\CODIGO\v1.1.3\venta-camaras-seguridad\src\main\java\com\ventacamaras\camaras\repository\ResenaRepository.java. Using fallback presentation compiler.
2026.05.28 07:22:03 INFO  no build target found for C:\Users\JHONATAN\OneDrive\Escritorio\DESARROLLO WEB\CODIGO\v1.1.3\venta-camaras-seguridad\src\main\java\com\ventacamaras\camaras\repository\ResenaRepository.java. Using fallback presentation compiler.
may. 28, 2026 7:22:03 A. M. org.eclipse.lsp4j.jsonrpc.RemoteEndpoint handleCancellation
WARNING: Unmatched cancel notification for request id 93
2026.05.28 07:22:04 WARN  no build target for: C:\Users\JHONATAN\OneDrive\Escritorio\DESARROLLO WEB\CODIGO\v1.1.3\venta-camaras-seguridad\src\main\java\com\ventacamaras\camaras\repository\ResenaRepository.java
2026.05.28 07:22:04 INFO  no build target found for C:\Users\JHONATAN\OneDrive\Escritorio\DESARROLLO WEB\CODIGO\v1.1.3\venta-camaras-seguridad\src\main\java\com\ventacamaras\camaras\repository\ResenaRepository.java. Using fallback presentation compiler.
2026.05.28 07:22:17 INFO  no build target found for C:\Users\JHONATAN\OneDrive\Escritorio\DESARROLLO WEB\CODIGO\v1.1.3\venta-camaras-seguridad\src\main\java\com\ventacamaras\camaras\service\PagoService.java. Using fallback presentation compiler.
2026.05.28 07:22:17 INFO  no build target found for C:\Users\JHONATAN\OneDrive\Escritorio\DESARROLLO WEB\CODIGO\v1.1.3\venta-camaras-seguridad\src\main\java\com\ventacamaras\camaras\service\PagoService.java. Using fallback presentation compiler.
2026.05.28 07:22:17 INFO  no build target found for C:\Users\JHONATAN\OneDrive\Escritorio\DESARROLLO WEB\CODIGO\v1.1.3\venta-camaras-seguridad\src\main\java\com\ventacamaras\camaras\service\PagoService.java. Using fallback presentation compiler.
2026.05.28 07:22:18 INFO  no build target found for C:\Users\JHONATAN\OneDrive\Escritorio\DESARROLLO WEB\CODIGO\v1.1.3\venta-camaras-seguridad\src\main\java\com\ventacamaras\camaras\service\PagoService.java. Using fallback presentation compiler.
2026.05.28 07:22:18 INFO  no build target found for C:\Users\JHONATAN\OneDrive\Escritorio\DESARROLLO WEB\CODIGO\v1.1.3\venta-camaras-seguridad\src\main\java\com\ventacamaras\camaras\service\ResenaService.java. Using fallback presentation compiler.
2026.05.28 07:22:18 INFO  no build target found for C:\Users\JHONATAN\OneDrive\Escritorio\DESARROLLO WEB\CODIGO\v1.1.3\venta-camaras-seguridad\src\main\java\com\ventacamaras\camaras\service\ResenaService.java. Using fallback presentation compiler.
2026.05.28 07:22:18 INFO  no build target found for C:\Users\JHONATAN\OneDrive\Escritorio\DESARROLLO WEB\CODIGO\v1.1.3\venta-camaras-seguridad\src\main\java\com\ventacamaras\camaras\service\ResenaService.java. Using fallback presentation compiler.
2026.05.28 07:22:18 INFO  no build target found for C:\Users\JHONATAN\OneDrive\Escritorio\DESARROLLO WEB\CODIGO\v1.1.3\venta-camaras-seguridad\src\main\java\com\ventacamaras\camaras\service\ResenaService.java. Using fallback presentation compiler.
2026.05.28 07:22:18 INFO  no build target found for C:\Users\JHONATAN\OneDrive\Escritorio\DESARROLLO WEB\CODIGO\v1.1.3\venta-camaras-seguridad\src\main\java\com\ventacamaras\camaras\service\ResenaService.java. Using fallback presentation compiler.
2026.05.28 07:22:20 INFO  no build target found for C:\Users\JHONATAN\OneDrive\Escritorio\DESARROLLO WEB\CODIGO\v1.1.3\venta-camaras-seguridad\src\main\java\com\ventacamaras\camaras\service\ResenaService.java. Using fallback presentation compiler.
2026.05.28 07:22:20 INFO  no build target found for C:\Users\JHONATAN\OneDrive\Escritorio\DESARROLLO WEB\CODIGO\v1.1.3\venta-camaras-seguridad\src\main\java\com\ventacamaras\camaras\service\ResenaService.java. Using fallback presentation compiler.
2026.05.28 07:22:20 INFO  no build target found for C:\Users\JHONATAN\OneDrive\Escritorio\DESARROLLO WEB\CODIGO\v1.1.3\venta-camaras-seguridad\src\main\java\com\ventacamaras\camaras\service\ResenaService.java. Using fallback presentation compiler.
2026.05.28 07:22:20 INFO  no build target found for C:\Users\JHONATAN\OneDrive\Escritorio\DESARROLLO WEB\CODIGO\v1.1.3\venta-camaras-seguridad\src\main\java\com\ventacamaras\camaras\service\ResenaService.java. Using fallback presentation compiler.
2026.05.28 07:22:20 INFO  no build target found for C:\Users\JHONATAN\OneDrive\Escritorio\DESARROLLO WEB\CODIGO\v1.1.3\venta-camaras-seguridad\src\main\java\com\ventacamaras\camaras\service\ResenaService.java. Using fallback presentation compiler.
2026.05.28 07:22:20 INFO  no build target found for C:\Users\JHONATAN\OneDrive\Escritorio\DESARROLLO WEB\CODIGO\v1.1.3\venta-camaras-seguridad\src\main\java\com\ventacamaras\camaras\service\ResenaService.java. Using fallback presentation compiler.
2026.05.28 07:22:21 INFO  no build target found for C:\Users\JHONATAN\OneDrive\Escritorio\DESARROLLO WEB\CODIGO\v1.1.3\venta-camaras-seguridad\src\main\java\com\ventacamaras\camaras\service\ResenaService.java. Using fallback presentation compiler.
2026.05.28 07:22:21 WARN  no build target for: C:\Users\JHONATAN\OneDrive\Escritorio\DESARROLLO WEB\CODIGO\v1.1.3\venta-camaras-seguridad\src\main\java\com\ventacamaras\camaras\service\ResenaService.java
2026.05.28 07:22:21 INFO  no build target found for C:\Users\JHONATAN\OneDrive\Escritorio\DESARROLLO WEB\CODIGO\v1.1.3\venta-camaras-seguridad\src\main\java\com\ventacamaras\camaras\service\ResenaService.java. Using fallback presentation compiler.
2026.05.28 07:22:21 WARN  no build target for: C:\Users\JHONATAN\OneDrive\Escritorio\DESARROLLO WEB\CODIGO\v1.1.3\venta-camaras-seguridad\src\main\java\com\ventacamaras\camaras\service\ResenaService.java
2026.05.28 07:22:21 INFO  no build target found for C:\Users\JHONATAN\OneDrive\Escritorio\DESARROLLO WEB\CODIGO\v1.1.3\venta-camaras-seguridad\src\main\java\com\ventacamaras\camaras\service\ResenaService.java. Using fallback presentation compiler.
2026.05.28 07:22:21 WARN  Running javac-semanticdb failed for file:///C:/Users/JHONATAN/OneDrive/Escritorio/DESARROLLO%20WEB/CODIGO/v1.1.3/venta-camaras-seguridad/src/main/java/com/ventacamaras/camaras/service/ResenaService.java. Output:

2026.05.28 07:22:21 INFO  no build target found for C:\Users\JHONATAN\OneDrive\Escritorio\DESARROLLO WEB\CODIGO\v1.1.3\venta-camaras-seguridad\src\main\java\com\ventacamaras\camaras\service\ResenaService.java. Using fallback presentation compiler.
2026.05.28 07:22:21 INFO  no build target found for C:\Users\JHONATAN\OneDrive\Escritorio\DESARROLLO WEB\CODIGO\v1.1.3\venta-camaras-seguridad\src\main\java\com\ventacamaras\camaras\service\ResenaService.java. Using fallback presentation compiler.
2026.05.28 07:22:21 INFO  no build target found for C:\Users\JHONATAN\OneDrive\Escritorio\DESARROLLO WEB\CODIGO\v1.1.3\venta-camaras-seguridad\src\main\java\com\ventacamaras\camaras\service\ResenaService.java. Using fallback presentation compiler.
2026.05.28 07:22:21 INFO  Created report: Optional[file:///C:/Users/JHONATAN/OneDrive/Escritorio/DESARROLLO%20WEB/CODIGO/v1.1.3/venta-camaras-seguridad/src/main/java/com/ventacamaras/camaras/service/ResenaService.java]
2026.05.28 07:22:21 INFO  empty definition using pc, found symbol in pc: _empty_/Transactional# (full report at: "C:\Users\JHONATAN\OneDrive\Escritorio\DESARROLLO WEB\CODIGO\v1.1.3\venta-camaras-seguridad\.metals\.reports\metals-full\2026-05-28\r_empty-definition_07-22-21-900.md")
2026.05.28 07:22:21 INFO  empty definition using pc, found symbol in pc: _empty_/Transactional# (full report at: "C:\Users\JHONATAN\OneDrive\Escritorio\DESARROLLO WEB\CODIGO\v1.1.3\venta-camaras-seguridad\.metals\.reports\metals-full\2026-05-28\r_empty-definition_07-22-21-900.md")
2026.05.28 07:22:21 INFO  Created report: Optional[file:///C:/Users/JHONATAN/OneDrive/Escritorio/DESARROLLO%20WEB/CODIGO/v1.1.3/venta-camaras-seguridad/src/main/java/com/ventacamaras/camaras/service/ResenaService.java]
2026.05.28 07:22:21 INFO  empty definition using pc, found symbol in pc: _empty_/Transactional#readOnly# (full report at: "C:\Users\JHONATAN\OneDrive\Escritorio\DESARROLLO WEB\CODIGO\v1.1.3\venta-camaras-seguridad\.metals\.reports\metals-full\2026-05-28\r_empty-definition_07-22-21-974.md")
2026.05.28 07:22:21 WARN  no build target for: C:\Users\JHONATAN\OneDrive\Escritorio\DESARROLLO WEB\CODIGO\v1.1.3\venta-camaras-seguridad\src\main\java\com\ventacamaras\camaras\service\ResenaService.java
2026.05.28 07:22:22 INFO  no build target found for C:\Users\JHONATAN\OneDrive\Escritorio\DESARROLLO WEB\CODIGO\v1.1.3\venta-camaras-seguridad\src\main\java\com\ventacamaras\camaras\service\ResenaService.java. Using fallback presentation compiler.
2026.05.28 07:22:23 INFO  no build target found for C:\Users\JHONATAN\OneDrive\Escritorio\DESARROLLO WEB\CODIGO\v1.1.3\venta-camaras-seguridad\src\main\java\com\ventacamaras\camaras\service\ResenaService.java. Using fallback presentation compiler.
2026.05.28 07:22:24 INFO  no build target found for C:\Users\JHONATAN\OneDrive\Escritorio\DESARROLLO WEB\CODIGO\v1.1.3\venta-camaras-seguridad\src\main\java\com\ventacamaras\camaras\service\ResenaService.java. Using fallback presentation compiler.
2026.05.28 07:22:24 WARN  no build target for: C:\Users\JHONATAN\OneDrive\Escritorio\DESARROLLO WEB\CODIGO\v1.1.3\venta-camaras-seguridad\src\main\java\com\ventacamaras\camaras\service\ResenaService.java
2026.05.28 07:22:24 INFO  no build target found for C:\Users\JHONATAN\OneDrive\Escritorio\DESARROLLO WEB\CODIGO\v1.1.3\venta-camaras-seguridad\src\main\java\com\ventacamaras\camaras\service\ResenaService.java. Using fallback presentation compiler.
2026.05.28 07:22:24 INFO  no build target found for C:\Users\JHONATAN\OneDrive\Escritorio\DESARROLLO WEB\CODIGO\v1.1.3\venta-camaras-seguridad\src\main\java\com\ventacamaras\camaras\service\ResenaService.java. Using fallback presentation compiler.
2026.05.28 07:22:24 INFO  no build target found for C:\Users\JHONATAN\OneDrive\Escritorio\DESARROLLO WEB\CODIGO\v1.1.3\venta-camaras-seguridad\src\main\java\com\ventacamaras\camaras\service\ResenaService.java. Using fallback presentation compiler.
2026.05.28 07:22:24 WARN  no build target for: C:\Users\JHONATAN\OneDrive\Escritorio\DESARROLLO WEB\CODIGO\v1.1.3\venta-camaras-seguridad\src\main\java\com\ventacamaras\camaras\service\ResenaService.java
2026.05.28 07:22:24 INFO  no build target found for C:\Users\JHONATAN\OneDrive\Escritorio\DESARROLLO WEB\CODIGO\v1.1.3\venta-camaras-seguridad\src\main\java\com\ventacamaras\camaras\service\ResenaService.java. Using fallback presentation compiler.
2026.05.28 07:22:24 INFO  no build target found for C:\Users\JHONATAN\OneDrive\Escritorio\DESARROLLO WEB\CODIGO\v1.1.3\venta-camaras-seguridad\src\main\java\com\ventacamaras\camaras\service\ResenaService.java. Using fallback presentation compiler.
2026.05.28 07:22:24 INFO  Created report: Optional[file:///C:/Users/JHONATAN/OneDrive/Escritorio/DESARROLLO%20WEB/CODIGO/v1.1.3/venta-camaras-seguridad/src/main/java/com/ventacamaras/camaras/service/ResenaService.java]
2026.05.28 07:22:24 INFO  empty definition using pc, found symbol in pc: _empty_/ResenaRepository#findByCamaraIdAndCalificacionGreaterThanEqual# (full report at: "C:\Users\JHONATAN\OneDrive\Escritorio\DESARROLLO WEB\CODIGO\v1.1.3\venta-camaras-seguridad\.metals\.reports\metals-full\2026-05-28\r_empty-definition_07-22-25-129.md")
2026.05.28 07:23:54 INFO  no build target found for C:\Users\JHONATAN\OneDrive\Escritorio\DESARROLLO WEB\CODIGO\v1.1.3\venta-camaras-seguridad\src\main\java\com\ventacamaras\camaras\service\ResenaService.java. Using fallback presentation compiler.
2026.05.28 07:23:54 INFO  no build target found for C:\Users\JHONATAN\OneDrive\Escritorio\DESARROLLO WEB\CODIGO\v1.1.3\venta-camaras-seguridad\src\main\java\com\ventacamaras\camaras\service\ResenaService.java. Using fallback presentation compiler.
2026.05.28 07:23:54 INFO  no build target found for C:\Users\JHONATAN\OneDrive\Escritorio\DESARROLLO WEB\CODIGO\v1.1.3\venta-camaras-seguridad\src\main\java\com\ventacamaras\camaras\service\ResenaService.java. Using fallback presentation compiler.
2026.05.28 07:23:54 WARN  no build target for: C:\Users\JHONATAN\OneDrive\Escritorio\DESARROLLO WEB\CODIGO\v1.1.3\venta-camaras-seguridad\src\main\java\com\ventacamaras\camaras\service\ResenaService.java
2026.05.28 07:23:54 INFO  no build target found for C:\Users\JHONATAN\OneDrive\Escritorio\DESARROLLO WEB\CODIGO\v1.1.3\venta-camaras-seguridad\src\main\java\com\ventacamaras\camaras\service\ResenaService.java. Using fallback presentation compiler.
2026.05.28 07:23:54 INFO  no build target found for C:\Users\JHONATAN\OneDrive\Escritorio\DESARROLLO WEB\CODIGO\v1.1.3\venta-camaras-seguridad\src\main\java\com\ventacamaras\camaras\service\ResenaService.java. Using fallback presentation compiler.
2026.05.28 07:23:55 WARN  no build target for: C:\Users\JHONATAN\OneDrive\Escritorio\DESARROLLO WEB\CODIGO\v1.1.3\venta-camaras-seguridad\src\main\java\com\ventacamaras\camaras\service\ResenaService.java
2026.05.28 07:23:55 INFO  no build target found for C:\Users\JHONATAN\OneDrive\Escritorio\DESARROLLO WEB\CODIGO\v1.1.3\venta-camaras-seguridad\src\main\java\com\ventacamaras\camaras\service\ResenaService.java. Using fallback presentation compiler.
2026.05.28 07:23:55 INFO  Created report: Optional[file:///C:/Users/JHONATAN/OneDrive/Escritorio/DESARROLLO%20WEB/CODIGO/v1.1.3/venta-camaras-seguridad/src/main/java/com/ventacamaras/camaras/service/ResenaService.java]
2026.05.28 07:23:55 INFO  empty definition using pc, found symbol in pc: java/lang/RuntimeException# (full report at: "C:\Users\JHONATAN\OneDrive\Escritorio\DESARROLLO WEB\CODIGO\v1.1.3\venta-camaras-seguridad\.metals\.reports\metals-full\2026-05-28\r_empty-definition_07-23-55-155.md")
2026.05.28 07:23:55 INFO  no build target found for C:\Users\JHONATAN\OneDrive\Escritorio\DESARROLLO WEB\CODIGO\v1.1.3\venta-camaras-seguridad\src\main\java\com\ventacamaras\camaras\service\ResenaService.java. Using fallback presentation compiler.
2026.05.28 07:23:55 INFO  no build target found for C:\Users\JHONATAN\OneDrive\Escritorio\DESARROLLO WEB\CODIGO\v1.1.3\venta-camaras-seguridad\src\main\java\com\ventacamaras\camaras\service\ResenaService.java. Using fallback presentation compiler.
2026.05.28 07:23:55 WARN  no build target for: C:\Users\JHONATAN\OneDrive\Escritorio\DESARROLLO WEB\CODIGO\v1.1.3\venta-camaras-seguridad\src\main\java\com\ventacamaras\camaras\service\ResenaService.java
2026.05.28 07:23:55 INFO  no build target found for C:\Users\JHONATAN\OneDrive\Escritorio\DESARROLLO WEB\CODIGO\v1.1.3\venta-camaras-seguridad\src\main\java\com\ventacamaras\camaras\service\ResenaService.java. Using fallback presentation compiler.
2026.05.28 07:23:57 INFO  no build target found for C:\Users\JHONATAN\OneDrive\Escritorio\DESARROLLO WEB\CODIGO\v1.1.3\venta-camaras-seguridad\src\main\java\com\ventacamaras\camaras\repository\ResenaRepository.java. Using fallback presentation compiler.
2026.05.28 07:23:57 WARN  no build target for: C:\Users\JHONATAN\OneDrive\Escritorio\DESARROLLO WEB\CODIGO\v1.1.3\venta-camaras-seguridad\src\main\java\com\ventacamaras\camaras\repository\ResenaRepository.java
2026.05.28 07:23:57 INFO  no build target found for C:\Users\JHONATAN\OneDrive\Escritorio\DESARROLLO WEB\CODIGO\v1.1.3\venta-camaras-seguridad\src\main\java\com\ventacamaras\camaras\repository\ResenaRepository.java. Using fallback presentation compiler.
2026.05.28 07:23:57 INFO  no build target found for C:\Users\JHONATAN\OneDrive\Escritorio\DESARROLLO WEB\CODIGO\v1.1.3\venta-camaras-seguridad\src\main\java\com\ventacamaras\camaras\repository\ResenaRepository.java. Using fallback presentation compiler.
2026.05.28 07:23:57 INFO  no build target found for C:\Users\JHONATAN\OneDrive\Escritorio\DESARROLLO WEB\CODIGO\v1.1.3\venta-camaras-seguridad\src\main\java\com\ventacamaras\camaras\repository\ResenaRepository.java. Using fallback presentation compiler.
2026.05.28 07:23:57 WARN  no build target for: C:\Users\JHONATAN\OneDrive\Escritorio\DESARROLLO WEB\CODIGO\v1.1.3\venta-camaras-seguridad\src\main\java\com\ventacamaras\camaras\repository\ResenaRepository.java
2026.05.28 07:23:57 INFO  no build target found for C:\Users\JHONATAN\OneDrive\Escritorio\DESARROLLO WEB\CODIGO\v1.1.3\venta-camaras-seguridad\src\main\java\com\ventacamaras\camaras\repository\ResenaRepository.java. Using fallback presentation compiler.
2026.05.28 07:23:57 INFO  no build target found for C:\Users\JHONATAN\OneDrive\Escritorio\DESARROLLO WEB\CODIGO\v1.1.3\venta-camaras-seguridad\src\main\java\com\ventacamaras\camaras\dto\ResenaDTO.java. Using fallback presentation compiler.
2026.05.28 07:23:57 WARN  no build target for: C:\Users\JHONATAN\OneDrive\Escritorio\DESARROLLO WEB\CODIGO\v1.1.3\venta-camaras-seguridad\src\main\java\com\ventacamaras\camaras\dto\ResenaDTO.java
2026.05.28 07:23:58 INFO  no build target found for C:\Users\JHONATAN\OneDrive\Escritorio\DESARROLLO WEB\CODIGO\v1.1.3\venta-camaras-seguridad\src\main\java\com\ventacamaras\camaras\dto\ResenaDTO.java. Using fallback presentation compiler.
2026.05.28 07:23:58 INFO  no build target found for C:\Users\JHONATAN\OneDrive\Escritorio\DESARROLLO WEB\CODIGO\v1.1.3\venta-camaras-seguridad\src\main\java\com\ventacamaras\camaras\dto\ResenaDTO.java. Using fallback presentation compiler.
2026.05.28 07:23:58 INFO  no build target found for C:\Users\JHONATAN\OneDrive\Escritorio\DESARROLLO WEB\CODIGO\v1.1.3\venta-camaras-seguridad\src\main\java\com\ventacamaras\camaras\dto\ResenaDTO.java. Using fallback presentation compiler.
2026.05.28 07:23:57 WARN  no build target for: C:\Users\JHONATAN\OneDrive\Escritorio\DESARROLLO WEB\CODIGO\v1.1.3\venta-camaras-seguridad\src\main\java\com\ventacamaras\camaras\dto\ResenaDTO.java
2026.05.28 07:23:58 INFO  no build target found for C:\Users\JHONATAN\OneDrive\Escritorio\DESARROLLO WEB\CODIGO\v1.1.3\venta-camaras-seguridad\src\main\java\com\ventacamaras\camaras\dto\ResenaDTO.java. Using fallback presentation compiler.
2026.05.28 07:23:58 INFO  no build target found for C:\Users\JHONATAN\OneDrive\Escritorio\DESARROLLO WEB\CODIGO\v1.1.3\venta-camaras-seguridad\src\main\java\com\ventacamaras\camaras\dto\ResenaDTO.java. Using fallback presentation compiler.
2026.05.28 07:23:58 INFO  no build target found for C:\Users\JHONATAN\OneDrive\Escritorio\DESARROLLO WEB\CODIGO\v1.1.3\venta-camaras-seguridad\src\main\java\com\ventacamaras\camaras\dto\ResenaDTO.java. Using fallback presentation compiler.
2026.05.28 07:24:01 INFO  no build target found for C:\Users\JHONATAN\OneDrive\Escritorio\DESARROLLO WEB\CODIGO\v1.1.3\venta-camaras-seguridad\src\main\java\com\ventacamaras\camaras\security\JwtService.java. Using fallback presentation compiler.
may. 28, 2026 7:24:02 A. M. org.eclipse.lsp4j.jsonrpc.RemoteEndpoint handleCancellation
WARNING: Unmatched cancel notification for request id 177
2026.05.28 07:24:02 INFO  no build target found for C:\Users\JHONATAN\OneDrive\Escritorio\DESARROLLO WEB\CODIGO\v1.1.3\venta-camaras-seguridad\src\main\java\com\ventacamaras\camaras\security\JwtService.java. Using fallback presentation compiler.
2026.05.28 07:24:01 INFO  no build target found for C:\Users\JHONATAN\OneDrive\Escritorio\DESARROLLO WEB\CODIGO\v1.1.3\venta-camaras-seguridad\src\main\java\com\ventacamaras\camaras\security\JwtService.java. Using fallback presentation compiler.
2026.05.28 07:24:02 WARN  no build target for: C:\Users\JHONATAN\OneDrive\Escritorio\DESARROLLO WEB\CODIGO\v1.1.3\venta-camaras-seguridad\src\main\java\com\ventacamaras\camaras\security\JwtService.java
2026.05.28 07:24:02 WARN  Running javac-semanticdb failed for file:///C:/Users/JHONATAN/OneDrive/Escritorio/DESARROLLO%20WEB/CODIGO/v1.1.3/venta-camaras-seguridad/src/main/java/com/ventacamaras/camaras/security/JwtService.java. Output:

2026.05.28 07:24:01 INFO  no build target found for C:\Users\JHONATAN\OneDrive\Escritorio\DESARROLLO WEB\CODIGO\v1.1.3\venta-camaras-seguridad\src\main\java\com\ventacamaras\camaras\security\JwtService.java. Using fallback presentation compiler.
2026.05.28 07:24:03 INFO  no build target found for C:\Users\JHONATAN\OneDrive\Escritorio\DESARROLLO WEB\CODIGO\v1.1.3\venta-camaras-seguridad\src\main\java\com\ventacamaras\camaras\service\ResenaService.java. Using fallback presentation compiler.
2026.05.28 07:24:03 WARN  no build target for: C:\Users\JHONATAN\OneDrive\Escritorio\DESARROLLO WEB\CODIGO\v1.1.3\venta-camaras-seguridad\src\main\java\com\ventacamaras\camaras\service\ResenaService.java
2026.05.28 07:24:03 INFO  no build target found for C:\Users\JHONATAN\OneDrive\Escritorio\DESARROLLO WEB\CODIGO\v1.1.3\venta-camaras-seguridad\src\main\java\com\ventacamaras\camaras\service\ResenaService.java. Using fallback presentation compiler.
2026.05.28 07:24:03 INFO  no build target found for C:\Users\JHONATAN\OneDrive\Escritorio\DESARROLLO WEB\CODIGO\v1.1.3\venta-camaras-seguridad\src\main\java\com\ventacamaras\camaras\service\ResenaService.java. Using fallback presentation compiler.
2026.05.28 07:24:03 INFO  no build target found for C:\Users\JHONATAN\OneDrive\Escritorio\DESARROLLO WEB\CODIGO\v1.1.3\venta-camaras-seguridad\src\main\java\com\ventacamaras\camaras\service\ResenaService.java. Using fallback presentation compiler.
2026.05.28 07:24:03 WARN  no build target for: C:\Users\JHONATAN\OneDrive\Escritorio\DESARROLLO WEB\CODIGO\v1.1.3\venta-camaras-seguridad\src\main\java\com\ventacamaras\camaras\service\ResenaService.java
2026.05.28 07:24:03 INFO  no build target found for C:\Users\JHONATAN\OneDrive\Escritorio\DESARROLLO WEB\CODIGO\v1.1.3\venta-camaras-seguridad\src\main\java\com\ventacamaras\camaras\service\ResenaService.java. Using fallback presentation compiler.
2026.05.28 07:24:04 WARN  no build target for: C:\Users\JHONATAN\OneDrive\Escritorio\DESARROLLO WEB\CODIGO\v1.1.3\venta-camaras-seguridad\src\main\java\com\ventacamaras\camaras\service\ResenaService.java
2026.05.28 07:24:04 INFO  no build target found for C:\Users\JHONATAN\OneDrive\Escritorio\DESARROLLO WEB\CODIGO\v1.1.3\venta-camaras-seguridad\src\main\java\com\ventacamaras\camaras\service\ResenaService.java. Using fallback presentation compiler.
2026.05.28 07:24:06 INFO  no build target found for C:\Users\JHONATAN\OneDrive\Escritorio\DESARROLLO WEB\CODIGO\v1.1.3\venta-camaras-seguridad\src\main\java\com\ventacamaras\camaras\controller\ResenaController.java. Using fallback presentation compiler.
2026.05.28 07:24:06 WARN  no build target for: C:\Users\JHONATAN\OneDrive\Escritorio\DESARROLLO WEB\CODIGO\v1.1.3\venta-camaras-seguridad\src\main\java\com\ventacamaras\camaras\controller\ResenaController.java
2026.05.28 07:24:06 INFO  no build target found for C:\Users\JHONATAN\OneDrive\Escritorio\DESARROLLO WEB\CODIGO\v1.1.3\venta-camaras-seguridad\src\main\java\com\ventacamaras\camaras\controller\ResenaController.java. Using fallback presentation compiler.
2026.05.28 07:24:06 INFO  no build target found for C:\Users\JHONATAN\OneDrive\Escritorio\DESARROLLO WEB\CODIGO\v1.1.3\venta-camaras-seguridad\src\main\java\com\ventacamaras\camaras\controller\ResenaController.java. Using fallback presentation compiler.
2026.05.28 07:24:06 INFO  no build target found for C:\Users\JHONATAN\OneDrive\Escritorio\DESARROLLO WEB\CODIGO\v1.1.3\venta-camaras-seguridad\src\main\java\com\ventacamaras\camaras\controller\ResenaController.java. Using fallback presentation compiler.
2026.05.28 07:24:06 WARN  no build target for: C:\Users\JHONATAN\OneDrive\Escritorio\DESARROLLO WEB\CODIGO\v1.1.3\venta-camaras-seguridad\src\main\java\com\ventacamaras\camaras\controller\ResenaController.java
2026.05.28 07:24:06 INFO  no build target found for C:\Users\JHONATAN\OneDrive\Escritorio\DESARROLLO WEB\CODIGO\v1.1.3\venta-camaras-seguridad\src\main\java\com\ventacamaras\camaras\controller\ResenaController.java. Using fallback presentation compiler.
